This is pdfTeX, Version 3.14159265-2.6-1.40.20 (TeX Live 2019) (preloaded format=latex 2020.4.23)  23 APR 2020 00:33
entering extended mode
 restricted \write18 enabled.
 %&-line parsing enabled.
**DocHpl.tex
(./DocHpl.tex
LaTeX2e <2018-12-01>

(/usr/share/texlive/texmf-dist/tex/latex/base/article.cls
Document Class: article 2018/09/03 v1.4i Standard LaTeX document class
(/usr/share/texlive/texmf-dist/tex/latex/base/size11.clo
File: size11.clo 2018/09/03 v1.4i Standard LaTeX file (size option)
)
\c@part=\count80
\c@section=\count81
\c@subsection=\count82
\c@subsubsection=\count83
\c@paragraph=\count84
\c@subparagraph=\count85
\c@figure=\count86
\c@table=\count87
\abovecaptionskip=\skip41
\belowcaptionskip=\skip42
\bibindent=\dimen102
) (./DocHpl.aux)
\openout1 = `DocHpl.aux'.

LaTeX Font Info:    Checking defaults for OML/cmm/m/it on input line 9.
LaTeX Font Info:    ... okay on input line 9.
LaTeX Font Info:    Checking defaults for T1/cmr/m/n on input line 9.
LaTeX Font Info:    ... okay on input line 9.
LaTeX Font Info:    Checking defaults for OT1/cmr/m/n on input line 9.
LaTeX Font Info:    ... okay on input line 9.
LaTeX Font Info:    Checking defaults for OMS/cmsy/m/n on input line 9.
LaTeX Font Info:    ... okay on input line 9.
LaTeX Font Info:    Checking defaults for OMX/cmex/m/n on input line 9.
LaTeX Font Info:    ... okay on input line 9.
LaTeX Font Info:    Checking defaults for U/cmr/m/n on input line 9.
LaTeX Font Info:    ... okay on input line 9.
LaTeX Font Info:    External font `cmex10' loaded for size
(Font)              <12> on input line 11.
LaTeX Font Info:    External font `cmex10' loaded for size
(Font)              <8> on input line 11.
LaTeX Font Info:    External font `cmex10' loaded for size
(Font)              <6> on input line 11.
LaTeX Font Info:    External font `cmex10' loaded for size
(Font)              <10.95> on input line 26.

Underfull \hbox (badness 10000) in paragraph at lines 45--46

 []


Underfull \hbox (badness 10000) in paragraph at lines 47--54

 []

[1

]
Underfull \hbox (badness 10000) in paragraph at lines 55--56

 []

LaTeX Font Info:    Try loading font information for OMS+cmtt on input line 58.

LaTeX Font Info:    No file OMScmtt.fd. on input line 58.

LaTeX Font Warning: Font shape `OMS/cmtt/m/n' undefined
(Font)              using `OMS/cmsy/m/n' instead
(Font)              for symbol `textbraceleft' on input line 58.


Underfull \hbox (badness 10000) in paragraph at lines 57--68

 []


Underfull \hbox (badness 10000) in paragraph at lines 73--77

 []


Underfull \hbox (badness 10000) in paragraph at lines 78--81

 []


Underfull \hbox (badness 10000) in paragraph at lines 82--87

 []


Overfull \hbox (127.56668pt too wide) in paragraph at lines 88--92
[][] 
 []


Underfull \hbox (badness 10000) in paragraph at lines 88--92

 []


Underfull \hbox (badness 10000) in paragraph at lines 93--97

 []


Underfull \hbox (badness 10000) in paragraph at lines 98--101

 []


Underfull \hbox (badness 10000) in paragraph at lines 102--108

 []

[2]
Underfull \hbox (badness 10000) in paragraph at lines 109--113

 []


Underfull \hbox (badness 10000) in paragraph at lines 114--117

 []


Underfull \hbox (badness 10000) in paragraph at lines 118--122

 []


Overfull \hbox (62.44356pt too wide) in paragraph at lines 123--127
[][] 
 []


Underfull \hbox (badness 10000) in paragraph at lines 123--127

 []


Underfull \hbox (badness 10000) in paragraph at lines 128--131

 []


Underfull \hbox (badness 10000) in paragraph at lines 132--137

 []


Underfull \hbox (badness 10000) in paragraph at lines 138--142

 []


Overfull \hbox (77.10484pt too wide) in paragraph at lines 143--147
[][] 
 []


Underfull \hbox (badness 10000) in paragraph at lines 143--147

 []


Underfull \hbox (badness 10000) in paragraph at lines 148--151

 []


Underfull \hbox (badness 10000) in paragraph at lines 152--157

 []


Overfull \hbox (110.65413pt too wide) in paragraph at lines 158--170
[][] 
 []


Underfull \hbox (badness 10000) in paragraph at lines 158--170

 []


Underfull \hbox (badness 10000) in paragraph at lines 171--176

 []


Underfull \hbox (badness 10000) in paragraph at lines 177--180

 []

[3]
Underfull \hbox (badness 10000) in paragraph at lines 181--186

 []


Underfull \hbox (badness 10000) in paragraph at lines 187--192

 []


Overfull \hbox (9.30591pt too wide) in paragraph at lines 193--196
[][] 
 []


Underfull \hbox (badness 10000) in paragraph at lines 193--196

 []


Underfull \hbox (badness 10000) in paragraph at lines 197--200

 []


Underfull \hbox (badness 10000) in paragraph at lines 201--206

 []


Underfull \hbox (badness 10000) in paragraph at lines 207--210

 []


Underfull \hbox (badness 10000) in paragraph at lines 211--216

 []


Underfull \hbox (badness 10000) in paragraph at lines 217--223

 []


Underfull \hbox (badness 10000) in paragraph at lines 224--229

 []


Underfull \hbox (badness 10000) in paragraph at lines 230--234

 []


Underfull \hbox (badness 10000) in paragraph at lines 235--239

 []


Underfull \hbox (badness 10000) in paragraph at lines 240--244

 []


Underfull \hbox (badness 10000) in paragraph at lines 245--248

 []


Overfull \hbox (22.17265pt too wide) in paragraph at lines 249--254
[][] 
 []


Underfull \hbox (badness 10000) in paragraph at lines 249--254

 []


Underfull \hbox (badness 10000) in paragraph at lines 255--258

 []

[4]
Underfull \hbox (badness 10000) in paragraph at lines 259--262

 []


Underfull \hbox (badness 10000) in paragraph at lines 263--276

 []

[5] (./DocHpl.aux)

LaTeX Font Warning: Some font shapes were not available, defaults substituted.

 ) 
Here is how much of TeX's memory you used:
 252 strings out of 494554
 2717 string characters out of 6177344
 67010 words of memory out of 5000000
 3994 multiletter control sequences out of 15000+600000
 9370 words of font info for 33 fonts, out of 8000000 for 9000
 14 hyphenation exceptions out of 8191
 21i,9n,19p,375b,185s stack positions out of 5000i,500n,10000p,200000b,80000s

Output written on DocHpl.dvi (5 pages, 12128 bytes).
