mktexpk --mfmode ljfour --bdpi 600 --mag 1+57/600 --dpi 657 cmr10
mktexpk --mfmode ljfour --bdpi 600 --mag 1+57/600 --dpi 657 cmti10
mktexpk --mfmode ljfour --bdpi 600 --mag 1+120/600 --dpi 720 cmbx12
mktexpk --mfmode ljfour --bdpi 600 --mag 1+0/600 --dpi 600 cmbx12
mktexpk --mfmode ljfour --bdpi 600 --mag 1+57/600 --dpi 657 cmsy10
mktexpk --mfmode ljfour --bdpi 600 --mag 1+57/600 --dpi 657 cmsl10
mktexpk --mfmode ljfour --bdpi 600 --mag 1+57/600 --dpi 657 cmtt10
mktexpk --mfmode ljfour --bdpi 600 --mag 1+57/600 --dpi 657 cmmi10
mktexpk --mfmode ljfour --bdpi 600 --mag 1+57/600 --dpi 657 cmr10
mktexpk --mfmode ljfour --bdpi 600 --mag 1+57/600 --dpi 657 cmti10
mktexpk --mfmode ljfour --bdpi 600 --mag 1+120/600 --dpi 720 cmbx12
mktexpk --mfmode ljfour --bdpi 600 --mag 1+0/600 --dpi 600 cmbx12
mktexpk --mfmode ljfour --bdpi 600 --mag 1+57/600 --dpi 657 cmsy10
mktexpk --mfmode ljfour --bdpi 600 --mag 1+57/600 --dpi 657 cmsl10
mktexpk --mfmode ljfour --bdpi 600 --mag 1+57/600 --dpi 657 cmtt10
mktexpk --mfmode ljfour --bdpi 600 --mag 1+57/600 --dpi 657 cmmi10
mktexpk --mfmode ljfour --bdpi 600 --mag 1+57/600 --dpi 657 cmr10
mktexpk --mfmode ljfour --bdpi 600 --mag 1+57/600 --dpi 657 cmti10
mktexpk --mfmode ljfour --bdpi 600 --mag 1+120/600 --dpi 720 cmbx12
mktexpk --mfmode ljfour --bdpi 600 --mag 1+0/600 --dpi 600 cmbx12
mktexpk --mfmode ljfour --bdpi 600 --mag 1+57/600 --dpi 657 cmsy10
mktexpk --mfmode ljfour --bdpi 600 --mag 1+57/600 --dpi 657 cmsl10
mktexpk --mfmode ljfour --bdpi 600 --mag 1+57/600 --dpi 657 cmtt10
mktexpk --mfmode ljfour --bdpi 600 --mag 1+57/600 --dpi 657 cmmi10
